<?xml version="1.0" encoding="UTF-8"?>
<testsuite name="hello.spring.ApplicationTests" tests="1" skipped="0" failures="0" errors="0" timestamp="2025-09-17T08:09:28.489Z" hostname="DESKTOP-UME78I4" time="1.234">
  <properties/>
  <testcase name="contextLoads()" classname="hello.spring.ApplicationTests" time="1.234"/>
  <system-out><![CDATA[17:09:24.928 [Test worker] INFO org.springframework.test.context.support.AnnotationConfigContextLoaderUtils -- Could not detect default configuration classes for test class [hello.spring.ApplicationTests]: ApplicationTests does not declare any static, non-private, non-final, nested classes annotated with @Configuration.
17:09:25.189 [Test worker] INFO org.springframework.boot.test.context.SpringBootTestContextBootstrapper -- Found @SpringBootConfiguration hello.spring.Application for test class hello.spring.ApplicationTests

  .   ____          _            __ _ _
 /\\ / ___'_ __ _ _(_)_ __  __ _ \ \ \ \
( ( )\___ | '_ | '_| | '_ \/ _` | \ \ \ \
 \\/  ___)| |_)| | | | | || (_| |  ) ) ) )
  '  |____| .__|_| |_|_| |_\__, | / / / /
 =========|_|==============|___/=/_/_/_/

 :: Spring Boot ::                (v3.5.5)

2025-09-17T17:09:26.234+09:00  INFO 13060 --- [spring] [    Test worker] hello.spring.ApplicationTests            : Starting ApplicationTests using Java 17.0.16 with PID 13060 (started by gamej in C:\Users\gamej\Desktop\study\spring)
2025-09-17T17:09:26.237+09:00  INFO 13060 --- [spring] [    Test worker] hello.spring.ApplicationTests            : No active profile set, falling back to 1 default profile: "default"
2025-09-17T17:09:27.888+09:00  INFO 13060 --- [spring] [    Test worker] o.s.b.a.w.s.WelcomePageHandlerMapping    : Adding welcome page: class path resource [static/index.html]
2025-09-17T17:09:28.436+09:00  INFO 13060 --- [spring] [    Test worker] hello.spring.ApplicationTests            : Started ApplicationTests in 2.888 seconds (process running for 5.711)
]]></system-out>
  <system-err><![CDATA[]]></system-err>
</testsuite>
